app/build/outputs/mapping/release/mapping.txt
org.sefaria.sefaria.DialogCallable -> org.sefaria.sefaria.a:
    java.lang.String title -> a
    java.lang.String message -> b
    java.lang.String positiveText -> c
    java.lang.String negativeText -> d
    java.lang.String neutralText -> e
    org.sefaria.sefaria.DialogCallable$DialogType type -> f
    void <init>(java.lang.String,java.lang.String,java.lang.String,java.lang.String,java.lang.String,org.sefaria.sefaria.DialogCallable$DialogType) -> <init>
    void positiveClick() -> a
    void negativeClick() -> b
    void neutralClick() -> c
    java.lang.String getTitle() -> d
    java.lang.String getMessage() -> e
    java.lang.String getPositiveText() -> f
    java.lang.String getNegativeText() -> g
    java.lang.String getNeutralText() -> h
    org.sefaria.sefaria.DialogCallable$DialogType getType() -> i
org.sefaria.sefaria.DialogCallable$DialogType -> org.sefaria.sefaria.b:
    org.sefaria.sefaria.DialogCallable$DialogType ALERT -> a
    org.sefaria.sefaria.DialogCallable$DialogType PROGRESS -> b
    org.sefaria.sefaria.DialogCallable$DialogType[] $VALUES -> c
    org.sefaria.sefaria.DialogCallable$DialogType[] values() -> values
    org.sefaria.sefaria.DialogCallable$DialogType valueOf(java.lang.String) -> valueOf
    void <init>(java.lang.String,int) -> <init>
    void <clinit>() -> <clinit>
org.sefaria.sefaria.DialogManager2 -> org.sefaria.sefaria.c:
    android.app.Dialog currDialog -> a
    void init() -> b
    void showDialog(android.content.Context,org.sefaria.sefaria.DialogCallable) -> a
    void showDialog(android.app.Activity,org.sefaria.sefaria.DialogManager2$DialogPreset) -> a
    void makeDialog(android.content.Context,org.sefaria.sefaria.DialogCallable) -> b
    void dismissCurrentDialog() -> a
org.sefaria.sefaria.DialogManager2$1 -> org.sefaria.sefaria.d:
    android.app.Activity val$activity -> a
    void <init>(java.lang.String,java.lang.String,java.lang.String,java.lang.String,java.lang.String,org.sefaria.sefaria.DialogCallable$DialogType,android.app.Activity) -> <init>
    void positiveClick() -> a
    void negativeClick() -> b
org.sefaria.sefaria.DialogManager2$10 -> org.sefaria.sefaria.e:
    android.app.Activity val$activity -> a
    void <init>(java.lang.String,java.lang.String,java.lang.String,java.lang.String,java.lang.String,org.sefaria.sefaria.DialogCallable$DialogType,android.app.Activity) -> <init>
    void positiveClick() -> a
    void negativeClick() -> b
org.sefaria.sefaria.DialogManager2$11 -> org.sefaria.sefaria.f:
    org.sefaria.sefaria.DialogCallable val$dialogCallable -> a
    void <init>(org.sefaria.sefaria.DialogCallable) -> <init>
    void onClick(android.content.DialogInterface,int) -> onClick
org.sefaria.sefaria.DialogManager2$12 -> org.sefaria.sefaria.g:
    org.sefaria.sefaria.DialogCallable val$dialogCallable -> a
    void <init>(org.sefaria.sefaria.DialogCallable) -> <init>
    void onClick(android.content.DialogInterface,int) -> onClick
org.sefaria.sefaria.DialogManager2$13 -> org.sefaria.sefaria.h:
    org.sefaria.sefaria.DialogCallable val$dialogCallable -> a
    void <init>(org.sefaria.sefaria.DialogCallable) -> <init>
    void onClick(android.content.DialogInterface,int) -> onClick
org.sefaria.sefaria.DialogManager2$14 -> org.sefaria.sefaria.i:
    void <init>() -> <init>
    void onClick(android.content.DialogInterface,int) -> onClick
org.sefaria.sefaria.DialogManager2$15 -> org.sefaria.sefaria.j:
    void <init>() -> <init>
    void onClick(android.content.DialogInterface,int) -> onClick
org.sefaria.sefaria.DialogManager2$16 -> org.sefaria.sefaria.k:
    void <init>() -> <init>
    void onClick(android.content.DialogInterface,int) -> onClick
...
android.support.v4.util.LongSparseArray -> android.support.v4.g.f:
    java.lang.Object DELETED -> a
    boolean mGarbage -> b
    long[] mKeys -> c
    java.lang.Object[] mValues -> d
    int mSize -> e
    void <init>() -> <init>
    void <init>(int) -> <init>
    android.support.v4.util.LongSparseArray clone() -> a
    java.lang.Object get(long) -> a
    java.lang.Object get(long,java.lang.Object) -> a
    void removeAt(int) -> a
    void gc() -> d
    void put(long,java.lang.Object) -> b
    int size() -> b
    long keyAt(int) -> b
    java.lang.Object valueAt(int) -> c
    void clear() -> c
    java.lang.String toString() -> toString
    java.lang.Object clone() -> clone
    void <clinit>() -> <clinit>
android.support.v4.util.LruCache -> android.support.v4.g.g:
    java.util.LinkedHashMap map -> a
    int size -> b
    int maxSize -> c
    int putCount -> d
    int createCount -> e
    int evictionCount -> f
    int hitCount -> g
    int missCount -> h
    void <init>(int) -> <init>
    java.lang.Object get(java.lang.Object) -> a
    java.lang.Object put(java.lang.Object,java.lang.Object) -> a
    void trimToSize(int) -> a
    void entryRemoved(boolean,java.lang.Object,java.lang.Object,java.lang.Object) -> a
    java.lang.Object create(java.lang.Object) -> b
    int safeSizeOf(java.lang.Object,java.lang.Object) -> c
    int sizeOf(java.lang.Object,java.lang.Object) -> b
    java.lang.String toString() -> toString
android.support.v4.util.MapCollections -> android.support.v4.g.h:
    android.support.v4.util.MapCollections$EntrySet mEntrySet -> b
    android.support.v4.util.MapCollections$KeySet mKeySet -> c
    android.support.v4.util.MapCollections$ValuesCollection mValues -> d
    void <init>() -> <init>
    boolean containsAllHelper(java.util.Map,java.util.Collection) -> a
    boolean removeAllHelper(java.util.Map,java.util.Collection) -> b
    boolean retainAllHelper(java.util.Map,java.util.Collection) -> c
    java.lang.Object[] toArrayHelper(int) -> b
    java.lang.Object[] toArrayHelper(java.lang.Object[],int) -> a
    boolean equalsSetHelper(java.util.Set,java.lang.Object) -> a
    java.util.Set getEntrySet() -> d
    java.util.Set getKeySet() -> e
    java.util.Collection getValues() -> f
    int colGetSize() -> a
    java.lang.Object colGetEntry(int,int) -> a
    int colIndexOfKey(java.lang.Object) -> a
    int colIndexOfValue(java.lang.Object) -> b
    java.util.Map colGetMap() -> b
    void colPut(java.lang.Object,java.lang.Object) -> a
    java.lang.Object colSetValue(int,java.lang.Object) -> a
    void colRemoveAt(int) -> a
    void colClear() -> c
android.support.v4.util.MapCollections$ArrayIterator -> android.support.v4.g.i:
    int mOffset -> a
    int mSize -> b
    int mIndex -> c
    boolean mCanRemove -> d
    android.support.v4.util.MapCollections this$0 -> e
    void <init>(android.support.v4.util.MapCollections,int) -> <init>
    boolean hasNext() -> hasNext
    java.lang.Object next() -> next
    void remove() -> remove